Analysis & Synthesis report for lab6
Sat Jun 22 22:16:53 2019
Quartus II 64-Bit Version 13.0.1 Build 232 06/12/2013 Service Pack 1 SJ Web Edition


---------------------
; Table of Contents ;
---------------------
  1. Legal Notice
  2. Analysis & Synthesis Summary
  3. Analysis & Synthesis Settings
  4. Parallel Compilation
  5. Analysis & Synthesis Source Files Read
  6. Analysis & Synthesis Resource Usage Summary
  7. Analysis & Synthesis Resource Utilization by Entity
  8. Registers Removed During Synthesis
  9. General Register Statistics
 10. Inverted Register Statistics
 11. Parameter Settings for User Entity Instance: Top-level Entity: |Change
 12. Elapsed Time Per Partition
 13. Analysis & Synthesis Messages



----------------
; Legal Notice ;
----------------
Copyright (C) 1991-2013 Altera Corporation
Your use of Altera Corporation's design tools, logic functions 
and other software and tools, and its AMPP partner logic 
functions, and any output files from any of the foregoing 
(including device programming or simulation files), and any 
associated documentation or information are expressly subject 
to the terms and conditions of the Altera Program License 
Subscription Agreement, Altera MegaCore Function License 
Agreement, or other applicable license agreement, including, 
without limitation, that your use is for the sole purpose of 
programming logic devices manufactured by Altera and sold by 
Altera or its authorized distributors.  Please refer to the 
applicable agreement for further details.



+--------------------------------------------------------------------------------------+
; Analysis & Synthesis Summary                                                         ;
+------------------------------------+-------------------------------------------------+
; Analysis & Synthesis Status        ; Successful - Sat Jun 22 22:16:53 2019           ;
; Quartus II 64-Bit Version          ; 13.0.1 Build 232 06/12/2013 SP 1 SJ Web Edition ;
; Revision Name                      ; lab6                                            ;
; Top-level Entity Name              ; Change                                          ;
; Family                             ; Cyclone II                                      ;
; Total logic elements               ; 274                                             ;
;     Total combinational functions  ; 265                                             ;
;     Dedicated logic registers      ; 262                                             ;
; Total registers                    ; 262                                             ;
; Total pins                         ; 577                                             ;
; Total virtual pins                 ; 0                                               ;
; Total memory bits                  ; 0                                               ;
; Embedded Multiplier 9-bit elements ; 0                                               ;
; Total PLLs                         ; 0                                               ;
+------------------------------------+-------------------------------------------------+


+----------------------------------------------------------------------------------------------------------------------+
; Analysis & Synthesis Settings                                                                                        ;
+----------------------------------------------------------------------------+--------------------+--------------------+
; Option                                                                     ; Setting            ; Default Value      ;
+----------------------------------------------------------------------------+--------------------+--------------------+
; Top-level entity name                                                      ; Change             ; lab6               ;
; Family name                                                                ; Cyclone II         ; Cyclone IV GX      ;
; VHDL Show LMF Mapping Messages                                             ; Off                ;                    ;
; VHDL Version                                                               ; VHDL_2008          ; VHDL_1993          ;
; Use smart compilation                                                      ; Off                ; Off                ;
; Enable parallel Assembler and TimeQuest Timing Analyzer during compilation ; On                 ; On                 ;
; Enable compact report table                                                ; Off                ; Off                ;
; Restructure Multiplexers                                                   ; Auto               ; Auto               ;
; Create Debugging Nodes for IP Cores                                        ; Off                ; Off                ;
; Preserve fewer node names                                                  ; On                 ; On                 ;
; Disable OpenCore Plus hardware evaluation                                  ; Off                ; Off                ;
; Verilog Version                                                            ; Verilog_2001       ; Verilog_2001       ;
; State Machine Processing                                                   ; Auto               ; Auto               ;
; Safe State Machine                                                         ; Off                ; Off                ;
; Extract Verilog State Machines                                             ; On                 ; On                 ;
; Extract VHDL State Machines                                                ; On                 ; On                 ;
; Ignore Verilog initial constructs                                          ; Off                ; Off                ;
; Iteration limit for constant Verilog loops                                 ; 5000               ; 5000               ;
; Iteration limit for non-constant Verilog loops                             ; 250                ; 250                ;
; Add Pass-Through Logic to Inferred RAMs                                    ; On                 ; On                 ;
; Infer RAMs from Raw Logic                                                  ; On                 ; On                 ;
; Parallel Synthesis                                                         ; On                 ; On                 ;
; DSP Block Balancing                                                        ; Auto               ; Auto               ;
; NOT Gate Push-Back                                                         ; On                 ; On                 ;
; Power-Up Don't Care                                                        ; On                 ; On                 ;
; Remove Redundant Logic Cells                                               ; Off                ; Off                ;
; Remove Duplicate Registers                                                 ; On                 ; On                 ;
; Ignore CARRY Buffers                                                       ; Off                ; Off                ;
; Ignore CASCADE Buffers                                                     ; Off                ; Off                ;
; Ignore GLOBAL Buffers                                                      ; Off                ; Off                ;
; Ignore ROW GLOBAL Buffers                                                  ; Off                ; Off                ;
; Ignore LCELL Buffers                                                       ; Off                ; Off                ;
; Ignore SOFT Buffers                                                        ; On                 ; On                 ;
; Limit AHDL Integers to 32 Bits                                             ; Off                ; Off                ;
; Optimization Technique                                                     ; Balanced           ; Balanced           ;
; Carry Chain Length                                                         ; 70                 ; 70                 ;
; Auto Carry Chains                                                          ; On                 ; On                 ;
; Auto Open-Drain Pins                                                       ; On                 ; On                 ;
; Perform WYSIWYG Primitive Resynthesis                                      ; Off                ; Off                ;
; Auto ROM Replacement                                                       ; On                 ; On                 ;
; Auto RAM Replacement                                                       ; On                 ; On                 ;
; Auto Shift Register Replacement                                            ; Auto               ; Auto               ;
; Allow Shift Register Merging across Hierarchies                            ; Auto               ; Auto               ;
; Auto Clock Enable Replacement                                              ; On                 ; On                 ;
; Strict RAM Replacement                                                     ; Off                ; Off                ;
; Allow Synchronous Control Signals                                          ; On                 ; On                 ;
; Force Use of Synchronous Clear Signals                                     ; Off                ; Off                ;
; Auto RAM to Logic Cell Conversion                                          ; Off                ; Off                ;
; Auto Resource Sharing                                                      ; Off                ; Off                ;
; Allow Any RAM Size For Recognition                                         ; Off                ; Off                ;
; Allow Any ROM Size For Recognition                                         ; Off                ; Off                ;
; Allow Any Shift Register Size For Recognition                              ; Off                ; Off                ;
; Use LogicLock Constraints during Resource Balancing                        ; On                 ; On                 ;
; Ignore translate_off and synthesis_off directives                          ; Off                ; Off                ;
; Timing-Driven Synthesis                                                    ; Off                ; Off                ;
; Report Parameter Settings                                                  ; On                 ; On                 ;
; Report Source Assignments                                                  ; On                 ; On                 ;
; Report Connectivity Checks                                                 ; On                 ; On                 ;
; Ignore Maximum Fan-Out Assignments                                         ; Off                ; Off                ;
; Synchronization Register Chain Length                                      ; 2                  ; 2                  ;
; PowerPlay Power Optimization                                               ; Normal compilation ; Normal compilation ;
; HDL message level                                                          ; Level2             ; Level2             ;
; Suppress Register Optimization Related Messages                            ; Off                ; Off                ;
; Number of Removed Registers Reported in Synthesis Report                   ; 5000               ; 5000               ;
; Number of Swept Nodes Reported in Synthesis Report                         ; 5000               ; 5000               ;
; Number of Inverted Registers Reported in Synthesis Report                  ; 100                ; 100                ;
; Clock MUX Protection                                                       ; On                 ; On                 ;
; Auto Gated Clock Conversion                                                ; Off                ; Off                ;
; Block Design Naming                                                        ; Auto               ; Auto               ;
; SDC constraint protection                                                  ; Off                ; Off                ;
; Synthesis Effort                                                           ; Auto               ; Auto               ;
; Shift Register Replacement - Allow Asynchronous Clear Signal               ; On                 ; On                 ;
; Pre-Mapping Resynthesis Optimization                                       ; Off                ; Off                ;
; Analysis & Synthesis Message Level                                         ; Medium             ; Medium             ;
; Disable Register Merging Across Hierarchies                                ; Auto               ; Auto               ;
; Resource Aware Inference For Block RAM                                     ; On                 ; On                 ;
; Synthesis Seed                                                             ; 1                  ; 1                  ;
+----------------------------------------------------------------------------+--------------------+--------------------+


Parallel compilation was disabled, but you have multiple processors available. Enable parallel compilation to reduce compilation time.
+-------------------------------------+
; Parallel Compilation                ;
+----------------------------+--------+
; Processors                 ; Number ;
+----------------------------+--------+
; Number detected on machine ; 4      ;
; Maximum allowed            ; 1      ;
+----------------------------+--------+


+---------------------------------------------------------------------------------------------------------------------------------+
; Analysis & Synthesis Source Files Read                                                                                          ;
+----------------------------------+-----------------+-----------------+------------------------------------------------+---------+
; File Name with User-Entered Path ; Used in Netlist ; File Type       ; File Name with Absolute Path                   ; Library ;
+----------------------------------+-----------------+-----------------+------------------------------------------------+---------+
; Change.vhd                       ; yes             ; User VHDL File  ; C:/Users/ASUS/Desktop/TPKS/labwork6/Change.vhd ;         ;
; mas.vhd                          ; yes             ; User VHDL File  ; C:/Users/ASUS/Desktop/TPKS/labwork6/mas.vhd    ;         ;
+----------------------------------+-----------------+-----------------+------------------------------------------------+---------+


+-----------------------------------------------------+
; Analysis & Synthesis Resource Usage Summary         ;
+---------------------------------------------+-------+
; Resource                                    ; Usage ;
+---------------------------------------------+-------+
; Estimated Total logic elements              ; 274   ;
;                                             ;       ;
; Total combinational functions               ; 265   ;
; Logic element usage by number of LUT inputs ;       ;
;     -- 4 input functions                    ; 4     ;
;     -- 3 input functions                    ; 5     ;
;     -- <=2 input functions                  ; 256   ;
;                                             ;       ;
; Logic elements by mode                      ;       ;
;     -- normal mode                          ; 258   ;
;     -- arithmetic mode                      ; 7     ;
;                                             ;       ;
; Total registers                             ; 262   ;
;     -- Dedicated logic registers            ; 262   ;
;     -- I/O registers                        ; 0     ;
;                                             ;       ;
; I/O pins                                    ; 577   ;
; Embedded Multiplier 9-bit elements          ; 0     ;
; Maximum fan-out node                        ; clk   ;
; Maximum fan-out                             ; 262   ;
; Total fan-out                               ; 1315  ;
; Average fan-out                             ; 1.19  ;
+---------------------------------------------+-------+


+-----------------------------------------------------------------------------------------------------------------------------------------------------------------------------+
; Analysis & Synthesis Resource Utilization by Entity                                                                                                                         ;
+----------------------------+-------------------+--------------+-------------+--------------+---------+-----------+------+--------------+---------------------+--------------+
; Compilation Hierarchy Node ; LC Combinationals ; LC Registers ; Memory Bits ; DSP Elements ; DSP 9x9 ; DSP 18x18 ; Pins ; Virtual Pins ; Full Hierarchy Name ; Library Name ;
+----------------------------+-------------------+--------------+-------------+--------------+---------+-----------+------+--------------+---------------------+--------------+
; |Change                    ; 265 (265)         ; 262 (262)    ; 0           ; 0            ; 0       ; 0         ; 577  ; 0            ; |Change             ; work         ;
+----------------------------+-------------------+--------------+-------------+--------------+---------+-----------+------+--------------+---------------------+--------------+
Note: For table entries with two numbers listed, the numbers in parentheses indicate the number of resources of the given type used by the specific entity alone. The numbers listed outside of parentheses indicate the total resources of the given type used by the specific entity and all of its sub-entities in the hierarchy.


+---------------------------------------------------------------------------------+
; Registers Removed During Synthesis                                              ;
+----------------------------------------+----------------------------------------+
; Register name                          ; Reason for Removal                     ;
+----------------------------------------+----------------------------------------+
; qf[8][30]~reg0                         ; Stuck at GND due to stuck port data_in ;
; qf[8][29]~reg0                         ; Stuck at GND due to stuck port data_in ;
; qf[8][28]~reg0                         ; Stuck at GND due to stuck port data_in ;
; qf[8][27]~reg0                         ; Stuck at GND due to stuck port data_in ;
; qf[8][26]~reg0                         ; Stuck at GND due to stuck port data_in ;
; qf[8][25]~reg0                         ; Stuck at GND due to stuck port data_in ;
; qf[8][24]~reg0                         ; Stuck at GND due to stuck port data_in ;
; qf[8][23]~reg0                         ; Stuck at GND due to stuck port data_in ;
; qf[8][22]~reg0                         ; Stuck at GND due to stuck port data_in ;
; qf[8][21]~reg0                         ; Stuck at GND due to stuck port data_in ;
; qf[8][20]~reg0                         ; Stuck at GND due to stuck port data_in ;
; qf[8][19]~reg0                         ; Stuck at GND due to stuck port data_in ;
; qf[8][18]~reg0                         ; Stuck at GND due to stuck port data_in ;
; qf[8][17]~reg0                         ; Stuck at GND due to stuck port data_in ;
; qf[8][16]~reg0                         ; Stuck at GND due to stuck port data_in ;
; qf[8][15]~reg0                         ; Stuck at GND due to stuck port data_in ;
; qf[8][14]~reg0                         ; Stuck at GND due to stuck port data_in ;
; qf[8][13]~reg0                         ; Stuck at GND due to stuck port data_in ;
; qf[8][12]~reg0                         ; Stuck at GND due to stuck port data_in ;
; qf[8][11]~reg0                         ; Stuck at GND due to stuck port data_in ;
; qf[8][10]~reg0                         ; Stuck at GND due to stuck port data_in ;
; qf[8][9]~reg0                          ; Stuck at GND due to stuck port data_in ;
; qf[8][8]~reg0                          ; Stuck at GND due to stuck port data_in ;
; qf[8][7]~reg0                          ; Stuck at GND due to stuck port data_in ;
; qf[8][6]~reg0                          ; Stuck at GND due to stuck port data_in ;
; qf[8][5]~reg0                          ; Stuck at GND due to stuck port data_in ;
; Total Number of Removed Registers = 26 ;                                        ;
+----------------------------------------+----------------------------------------+


+------------------------------------------------------+
; General Register Statistics                          ;
+----------------------------------------------+-------+
; Statistic                                    ; Value ;
+----------------------------------------------+-------+
; Total registers                              ; 262   ;
; Number of registers using Synchronous Clear  ; 0     ;
; Number of registers using Synchronous Load   ; 0     ;
; Number of registers using Asynchronous Clear ; 0     ;
; Number of registers using Asynchronous Load  ; 0     ;
; Number of registers using Clock Enable       ; 0     ;
; Number of registers using Preset             ; 0     ;
+----------------------------------------------+-------+


+---------------------------------------------------+
; Inverted Register Statistics                      ;
+-----------------------------------------+---------+
; Inverted Register                       ; Fan out ;
+-----------------------------------------+---------+
; qf[0][0]~reg0                           ; 1       ;
; qf[0][31]~reg0                          ; 1       ;
; qf[1][0]~reg0                           ; 1       ;
; qf[1][31]~reg0                          ; 1       ;
; qf[2][0]~reg0                           ; 1       ;
; qf[2][31]~reg0                          ; 1       ;
; qf[3][0]~reg0                           ; 1       ;
; qf[3][31]~reg0                          ; 1       ;
; qf[4][0]~reg0                           ; 1       ;
; qf[4][31]~reg0                          ; 1       ;
; qf[5][0]~reg0                           ; 1       ;
; qf[5][31]~reg0                          ; 1       ;
; qf[6][0]~reg0                           ; 1       ;
; qf[6][31]~reg0                          ; 1       ;
; qf[7][0]~reg0                           ; 1       ;
; qf[7][31]~reg0                          ; 1       ;
; qf[8][0]~reg0                           ; 1       ;
; qf[8][31]~reg0                          ; 1       ;
; Total number of inverted registers = 18 ;         ;
+-----------------------------------------+---------+


+------------------------------------------------------------------------+
; Parameter Settings for User Entity Instance: Top-level Entity: |Change ;
+----------------+-------+-----------------------------------------------+
; Parameter Name ; Value ; Type                                          ;
+----------------+-------+-----------------------------------------------+
; N              ; 8     ; Signed Integer                                ;
+----------------+-------+-----------------------------------------------+
Note: In order to hide this table in the UI and the text report file, please set the "Show Parameter Settings in Synthesis Report" option in "Analysis and Synthesis Settings -> More Settings" to "Off".


+-------------------------------+
; Elapsed Time Per Partition    ;
+----------------+--------------+
; Partition Name ; Elapsed Time ;
+----------------+--------------+
; Top            ; 00:00:01     ;
+----------------+--------------+


+-------------------------------+
; Analysis & Synthesis Messages ;
+-------------------------------+
Info: *******************************************************************
Info: Running Quartus II 64-Bit Analysis & Synthesis
    Info: Version 13.0.1 Build 232 06/12/2013 Service Pack 1 SJ Web Edition
    Info: Processing started: Sat Jun 22 22:16:46 2019
Info: Command: quartus_map --read_settings_files=on --write_settings_files=off lab6 -c lab6
Warning (20028): Parallel compilation is not licensed and has been disabled
Info (12021): Found 2 design units, including 1 entities, in source file change.vhd
    Info (12022): Found design unit 1: Change-beh
    Info (12023): Found entity 1: Change
Info (12021): Found 1 design units, including 0 entities, in source file mas.vhd
    Info (12022): Found design unit 1: mas
Info (12021): Found 2 design units, including 1 entities, in source file testchange.vhd
    Info (12022): Found design unit 1: testChange-t
    Info (12023): Found entity 1: testChange
Info (12127): Elaborating entity "Change" for the top level hierarchy
Warning (10541): VHDL Signal Declaration warning at Change.vhd(15): used implicit default value for signal "count" because signal was never assigned a value or an explicit default value. Use of implicit default value may introduce unintended design optimizations.
Warning (13024): Output pins are stuck at VCC or GND
    Warning (13410): Pin "qf[8][5]" is stuck at GND
    Warning (13410): Pin "qf[8][6]" is stuck at GND
    Warning (13410): Pin "qf[8][7]" is stuck at GND
    Warning (13410): Pin "qf[8][8]" is stuck at GND
    Warning (13410): Pin "qf[8][9]" is stuck at GND
    Warning (13410): Pin "qf[8][10]" is stuck at GND
    Warning (13410): Pin "qf[8][11]" is stuck at GND
    Warning (13410): Pin "qf[8][12]" is stuck at GND
    Warning (13410): Pin "qf[8][13]" is stuck at GND
    Warning (13410): Pin "qf[8][14]" is stuck at GND
    Warning (13410): Pin "qf[8][15]" is stuck at GND
    Warning (13410): Pin "qf[8][16]" is stuck at GND
    Warning (13410): Pin "qf[8][17]" is stuck at GND
    Warning (13410): Pin "qf[8][18]" is stuck at GND
    Warning (13410): Pin "qf[8][19]" is stuck at GND
    Warning (13410): Pin "qf[8][20]" is stuck at GND
    Warning (13410): Pin "qf[8][21]" is stuck at GND
    Warning (13410): Pin "qf[8][22]" is stuck at GND
    Warning (13410): Pin "qf[8][23]" is stuck at GND
    Warning (13410): Pin "qf[8][24]" is stuck at GND
    Warning (13410): Pin "qf[8][25]" is stuck at GND
    Warning (13410): Pin "qf[8][26]" is stuck at GND
    Warning (13410): Pin "qf[8][27]" is stuck at GND
    Warning (13410): Pin "qf[8][28]" is stuck at GND
    Warning (13410): Pin "qf[8][29]" is stuck at GND
    Warning (13410): Pin "qf[8][30]" is stuck at GND
    Warning (13410): Pin "count[0]" is stuck at VCC
    Warning (13410): Pin "count[1]" is stuck at GND
    Warning (13410): Pin "count[2]" is stuck at GND
    Warning (13410): Pin "count[3]" is stuck at GND
    Warning (13410): Pin "count[4]" is stuck at GND
    Warning (13410): Pin "count[5]" is stuck at GND
    Warning (13410): Pin "count[6]" is stuck at GND
    Warning (13410): Pin "count[7]" is stuck at GND
    Warning (13410): Pin "count[8]" is stuck at GND
    Warning (13410): Pin "count[9]" is stuck at GND
    Warning (13410): Pin "count[10]" is stuck at GND
    Warning (13410): Pin "count[11]" is stuck at GND
    Warning (13410): Pin "count[12]" is stuck at GND
    Warning (13410): Pin "count[13]" is stuck at GND
    Warning (13410): Pin "count[14]" is stuck at GND
    Warning (13410): Pin "count[15]" is stuck at GND
    Warning (13410): Pin "count[16]" is stuck at GND
    Warning (13410): Pin "count[17]" is stuck at GND
    Warning (13410): Pin "count[18]" is stuck at GND
    Warning (13410): Pin "count[19]" is stuck at GND
    Warning (13410): Pin "count[20]" is stuck at GND
    Warning (13410): Pin "count[21]" is stuck at GND
    Warning (13410): Pin "count[22]" is stuck at GND
    Warning (13410): Pin "count[23]" is stuck at GND
    Warning (13410): Pin "count[24]" is stuck at GND
    Warning (13410): Pin "count[25]" is stuck at GND
    Warning (13410): Pin "count[26]" is stuck at GND
    Warning (13410): Pin "count[27]" is stuck at GND
    Warning (13410): Pin "count[28]" is stuck at GND
    Warning (13410): Pin "count[29]" is stuck at GND
    Warning (13410): Pin "count[30]" is stuck at GND
    Warning (13410): Pin "count[31]" is stuck at VCC
Info (16010): Generating hard_block partition "hard_block:auto_generated_inst"
    Info (16011): Adding 0 node(s), including 0 DDIO, 0 PLL, 0 transceiver and 0 LCELL
Info (21057): Implemented 851 device resources after synthesis - the final resource count might be different
    Info (21058): Implemented 257 input pins
    Info (21059): Implemented 320 output pins
    Info (21061): Implemented 274 logic cells
Info: Quartus II 64-Bit Analysis & Synthesis was successful. 0 errors, 61 warnings
    Info: Peak virtual memory: 4654 megabytes
    Info: Processing ended: Sat Jun 22 22:16:54 2019
    Info: Elapsed time: 00:00:08
    Info: Total CPU time (on all processors): 00:00:07


